<?xml version="1.0" encoding="UTF-8"?>
<!-- Generated by org.testng.reporters.JUnitXMLReporter -->
<testsuite hostname="DESKTOP-ULDA8M1" name="Test" tests="7" failures="5" timestamp="16 Nov 2022 10:45:53 GMT" time="0.063" errors="0">
  <testcase name="tc1" time="0.015" classname="failedtestcases.org.Test2"/>
  <testcase name="tc2" time="0.0" classname="failedtestcases.org.Test2"/>
  <testcase name="tc3" time="0.0" classname="failedtestcases.org.Test2">
    <failure type="java.lang.AssertionError" message="expected [true] but found [false]">
      <![CDATA[java.lang.AssertionError: expected [true] but found [false]
	at failedtestcases.org.Test2.tc3(Test2.java:17)
... Removed 28 stack frames]]>
    </failure>
  </testcase> <!-- tc3 -->
  <testcase name="tc3" time="0.0" classname="failedtestcases.org.Test2">
    <failure type="java.lang.AssertionError" message="expected [true] but found [false]">
      <![CDATA[java.lang.AssertionError: expected [true] but found [false]
	at failedtestcases.org.Test2.tc3(Test2.java:17)
... Removed 28 stack frames]]>
    </failure>
  </testcase> <!-- tc3 -->
  <testcase name="tc3" time="0.0" classname="failedtestcases.org.Test2">
    <failure type="java.lang.AssertionError" message="expected [true] but found [false]">
      <![CDATA[java.lang.AssertionError: expected [true] but found [false]
	at failedtestcases.org.Test2.tc3(Test2.java:17)
... Removed 28 stack frames]]>
    </failure>
  </testcase> <!-- tc3 -->
  <testcase name="tc3" time="0.0" classname="failedtestcases.org.Test2">
    <failure type="java.lang.AssertionError" message="expected [true] but found [false]">
      <![CDATA[java.lang.AssertionError: expected [true] but found [false]
	at failedtestcases.org.Test2.tc3(Test2.java:17)
... Removed 28 stack frames]]>
    </failure>
  </testcase> <!-- tc3 -->
  <testcase name="tc3" time="0.016" classname="failedtestcases.org.Test2">
    <failure type="java.lang.AssertionError" message="expected [true] but found [false]">
      <![CDATA[java.lang.AssertionError: expected [true] but found [false]
	at failedtestcases.org.Test2.tc3(Test2.java:17)
... Removed 28 stack frames]]>
    </failure>
  </testcase> <!-- tc3 -->
</testsuite> <!-- Test -->
